Determining if the pthread_create exist failed with the following output:
Change Dir: /home/magnus/droneWorkspace/src/DroneWorkspace/CMakeFiles/CMakeTmp

Run Build Command:/usr/bin/make "cmTryCompileExec3812951134/fast"
/usr/bin/make -f CMakeFiles/cmTryCompileExec3812951134.dir/build.make CMakeFiles/cmTryCompileExec3812951134.dir/build
make[1]: Entering directory `/home/magnus/droneWorkspace/src/DroneWorkspace/CMakeFiles/CMakeTmp'
/usr/bin/cmake -E cmake_progress_report /home/magnus/droneWorkspace/src/DroneWorkspace/CMakeFiles/CMakeTmp/CMakeFiles 1
Building C object CMakeFiles/cmTryCompileExec3812951134.dir/CheckSymbolExists.c.o
/usr/bin/cc    -o CMakeFiles/cmTryCompileExec3812951134.dir/CheckSymbolExists.c.o   -c /home/magnus/droneWorkspace/src/DroneWorkspace/CMakeFiles/CMakeTmp/CheckSymbolExists.c
Linking C executable cmTryCompileExec3812951134
/usr/bin/cmake -E cmake_link_script CMakeFiles/cmTryCompileExec3812951134.dir/link.txt --verbose=1
/usr/bin/cc       CMakeFiles/cmTryCompileExec3812951134.dir/CheckSymbolExists.c.o  -o cmTryCompileExec3812951134 -rdynamic 
CMakeFiles/cmTryCompileExec3812951134.dir/CheckSymbolExists.c.o: In function `main':
CheckSymbolExists.c:(.text+0x16): undefined reference to `pthread_create'
collect2: error: ld returned 1 exit status
make[1]: *** [cmTryCompileExec3812951134] Error 1
make[1]: Leaving directory `/home/magnus/droneWorkspace/src/DroneWorkspace/CMakeFiles/CMakeTmp'
make: *** [cmTryCompileExec3812951134/fast] Error 2

File /home/magnus/droneWorkspace/src/DroneWorkspace/CMakeFiles/CMakeTmp/CheckSymbolExists.c:
/* */
#include <pthread.h>

int main(int argc, char** argv)
{
  (void)argv;
#ifndef pthread_create
  return ((int*)(&pthread_create))[argc];
#else
  (void)argc;
  return 0;
#endif
}

Determining if the function pthread_create exists in the pthreads failed with the following output:
Change Dir: /home/magnus/droneWorkspace/src/DroneWorkspace/CMakeFiles/CMakeTmp

Run Build Command:/usr/bin/make "cmTryCompileExec2558324482/fast"
/usr/bin/make -f CMakeFiles/cmTryCompileExec2558324482.dir/build.make CMakeFiles/cmTryCompileExec2558324482.dir/build
make[1]: Entering directory `/home/magnus/droneWorkspace/src/DroneWorkspace/CMakeFiles/CMakeTmp'
/usr/bin/cmake -E cmake_progress_report /home/magnus/droneWorkspace/src/DroneWorkspace/CMakeFiles/CMakeTmp/CMakeFiles 1
Building C object CMakeFiles/cmTryCompileExec2558324482.dir/CheckFunctionExists.c.o
/usr/bin/cc   -DCHECK_FUNCTION_EXISTS=pthread_create   -o CMakeFiles/cmTryCompileExec2558324482.dir/CheckFunctionExists.c.o   -c /usr/share/cmake-2.8/Modules/CheckFunctionExists.c
Linking C executable cmTryCompileExec2558324482
/usr/bin/cmake -E cmake_link_script CMakeFiles/cmTryCompileExec2558324482.dir/link.txt --verbose=1
/usr/bin/cc   -DCHECK_FUNCTION_EXISTS=pthread_create    CMakeFiles/cmTryCompileExec2558324482.dir/CheckFunctionExists.c.o  -o cmTryCompileExec2558324482 -rdynamic -lpthreads 
/usr/bin/ld: cannot find -lpthreads
collect2: error: ld returned 1 exit status
make[1]: *** [cmTryCompileExec2558324482] Error 1
make[1]: Leaving directory `/home/magnus/droneWorkspace/src/DroneWorkspace/CMakeFiles/CMakeTmp'
make: *** [cmTryCompileExec2558324482/fast] Error 2


